[2021-01-22 15:55:20,891] SEVERE {b7a.log.crash} - class org.wso2.ballerinalang.compiler.tree.statements.BLangWorkerSend cannot be cast to class org.wso2.ballerinalang.compiler.tree.expressions.BLangExpression (org.wso2.ballerinalang.compiler.tree.statements.BLangWorkerSend and org.wso2.ballerinalang.compiler.tree.expressions.BLangExpression are in unnamed module of loader 'app') 
java.lang.ClassCastException: class org.wso2.ballerinalang.compiler.tree.statements.BLangWorkerSend cannot be cast to class org.wso2.ballerinalang.compiler.tree.expressions.BLangExpression (org.wso2.ballerinalang.compiler.tree.statements.BLangWorkerSend and org.wso2.ballerinalang.compiler.tree.expressions.BLangExpression are in unnamed module of loader 'app')
	at org.wso2.ballerinalang.compiler.parser.BLangNodeTransformer.createExpression(BLangNodeTransformer.java:4663)
	at org.wso2.ballerinalang.compiler.parser.BLangNodeTransformer.createBLangVarDef(BLangNodeTransformer.java:2733)
	at org.wso2.ballerinalang.compiler.parser.BLangNodeTransformer.transform(BLangNodeTransformer.java:2700)
	at org.wso2.ballerinalang.compiler.parser.BLangNodeTransformer.transform(BLangNodeTransformer.java:462)
	at io.ballerina.compiler.syntax.tree.VariableDeclarationNode.apply(VariableDeclarationNode.java:67)
	at org.wso2.ballerinalang.compiler.parser.BLangNodeTransformer.generateAndAddBLangStatements(BLangNodeTransformer.java:4572)
	at org.wso2.ballerinalang.compiler.parser.BLangNodeTransformer.transform(BLangNodeTransformer.java:1483)
	at org.wso2.ballerinalang.compiler.parser.BLangNodeTransformer.transform(BLangNodeTransformer.java:462)
	at io.ballerina.compiler.syntax.tree.FunctionBodyBlockNode.apply(FunctionBodyBlockNode.java:59)
	at org.wso2.ballerinalang.compiler.parser.BLangNodeTransformer.populateFunctionNode(BLangNodeTransformer.java:1391)
	at org.wso2.ballerinalang.compiler.parser.BLangNodeTransformer.createFunctionNode(BLangNodeTransformer.java:1371)
	at org.wso2.ballerinalang.compiler.parser.BLangNodeTransformer.transform(BLangNodeTransformer.java:1349)
	at org.wso2.ballerinalang.compiler.parser.BLangNodeTransformer.transform(BLangNodeTransformer.java:462)
	at io.ballerina.compiler.syntax.tree.FunctionDefinitionNode.apply(FunctionDefinitionNode.java:71)
	at org.wso2.ballerinalang.compiler.parser.BLangNodeTransformer.transform(BLangNodeTransformer.java:569)
	at org.wso2.ballerinalang.compiler.parser.BLangNodeTransformer.transform(BLangNodeTransformer.java:462)
	at io.ballerina.compiler.syntax.tree.ModulePartNode.apply(ModulePartNode.java:54)
	at org.wso2.ballerinalang.compiler.parser.BLangNodeTransformer.accept(BLangNodeTransformer.java:492)
	at io.ballerina.projects.DocumentContext.compilationUnit(DocumentContext.java:111)
	at io.ballerina.projects.ModuleContext.compileInternal(ModuleContext.java:355)
	at io.ballerina.projects.ModuleCompilationState$1.compile(ModuleCompilationState.java:45)
	at io.ballerina.projects.ModuleContext.compile(ModuleContext.java:322)
	at io.ballerina.projects.PackageCompilation.compile(PackageCompilation.java:142)
	at io.ballerina.projects.PackageCompilation.diagnosticResult(PackageCompilation.java:101)
	at org.ballerinalang.observability.anaylze.DefaultObservabilitySymbolCollector.process(DefaultObservabilitySymbolCollector.java:87)
	at io.ballerina.projects.JBallerinaBackend.<init>(JBallerinaBackend.java:117)
	at io.ballerina.projects.JBallerinaBackend.lambda$from$0(JBallerinaBackend.java:97)
	at java.base/java.util.HashMap.computeIfAbsent(HashMap.java:1133)
	at io.ballerina.projects.PackageCompilation.getCompilerBackend(PackageCompilation.java:132)
	at io.ballerina.projects.JBallerinaBackend.from(JBallerinaBackend.java:96)
	at io.ballerina.cli.task.CompileTask.execute(CompileTask.java:69)
	at io.ballerina.cli.TaskExecutor.executeTasks(TaskExecutor.java:40)
	at io.ballerina.cli.cmd.RunCommand.execute(RunCommand.java:155)
	at java.base/java.util.Optional.ifPresent(Optional.java:183)
	at io.ballerina.cli.launcher.Main.main(Main.java:58)
 
